<?xml version="1.0" encoding="UTF-8"?>
<!-- Generated by org.testng.reporters.JUnitReportReporter -->
<testsuite skipped="0" hostname="LAPTOP-SKKLGSGO" name="testing.demo.RegristrationClass" tests="1" failures="0" timestamp="19 Jul 2020 10:49:54 GMT" time="24.362" errors="0">
  <testcase name="RegristrationFormTest" time="24.362" classname="testing.demo.RegristrationClass"/>
</testsuite> <!-- testing.demo.RegristrationClass -->
