<?xml version="1.0" encoding="UTF-8"?>
<!-- Generated by org.testng.reporters.JUnitReportReporter -->
<testsuite skipped="0" hostname="LAPTOP-SKKLGSGO" name="testing.demo.SearchClass" tests="1" failures="0" timestamp="19 Jul 2020 10:49:54 GMT" time="31.917" errors="0">
  <testcase name="searchTest" time="31.917" classname="testing.demo.SearchClass"/>
</testsuite> <!-- testing.demo.SearchClass -->
