<?xml version="1.0" encoding="UTF-8"?>
<!-- Generated by org.testng.reporters.JUnitReportReporter -->
<testsuite skipped="0" hostname="LAPTOP-SKKLGSGO" name="testing.demo.LoginClass" tests="1" failures="0" timestamp="19 Jul 2020 10:49:54 GMT" time="21.493" errors="0">
  <testcase name="signInTest" time="21.493" classname="testing.demo.LoginClass"/>
</testsuite> <!-- testing.demo.LoginClass -->
