<?xml version="1.0" encoding="UTF-8"?>
<!-- Generated by org.testng.reporters.JUnitReportReporter -->
<testsuite skipped="0" hostname="LAPTOP-SKKLGSGO" name="testing.demo.VeriyPageClass" tests="1" failures="0" timestamp="19 Jul 2020 10:49:54 GMT" time="26.904" errors="0">
  <testcase name="verifyPageTitle" time="26.904" classname="testing.demo.VeriyPageClass"/>
</testsuite> <!-- testing.demo.VeriyPageClass -->
