<?xml version="1.0" encoding="UTF-8"?>
<!-- Generated by org.testng.reporters.JUnitReportReporter -->
<testsuite skipped="0" hostname="LAPTOP-SKKLGSGO" name="testing.demo.AddToCartClass" tests="1" failures="0" timestamp="19 Jul 2020 10:49:54 GMT" time="25.289" errors="0">
  <testcase name="addToCartTest" time="25.289" classname="testing.demo.AddToCartClass"/>
</testsuite> <!-- testing.demo.AddToCartClass -->
