<?xml version="1.0" encoding="UTF-8"?>
<!-- Generated by org.testng.reporters.JUnitReportReporter -->
<testsuite skipped="0" hostname="LAPTOP-SKKLGSGO" name="testing.demo.testClass" tests="1" failures="0" timestamp="19 Jul 2020 02:41:17 GMT" time="21.154" errors="0">
  <testcase name="verifyPageTitle" time="21.154" classname="testing.demo.testClass"/>
</testsuite> <!-- testing.demo.testClass -->
